gradleBuild/outputs/logs/manifest-merger-debug-report.txt
-- Merging decision tree log ---
manifest
ADDED from person-detection-replacement\AndroidManifest.xml:18:1-78:12
MERGED from [org.tensorflow:tensorflow-android:1.7.0] AndroidManifest.xml:2:1-8:12
	package
		ADDED from person-detection-replacement\AndroidManifest.xml:19:5-34
	xmlns:android
		ADDED from person-detection-replacement\AndroidManifest.xml:18:11-69
uses-permission#android.permission.CAMERA
ADDED from person-detection-replacement\AndroidManifest.xml:21:5-65
	android:name
		ADDED from person-detection-replacement\AndroidManifest.xml:21:22-62
uses-feature#android.hardware.camera
ADDED from person-detection-replacement\AndroidManifest.xml:22:5-60
	android:name
		ADDED from person-detection-replacement\AndroidManifest.xml:22:19-57
uses-feature#android.hardware.camera.autofocus
ADDED from person-detection-replacement\AndroidManifest.xml:23:5-70
	android:name
		ADDED from person-detection-replacement\AndroidManifest.xml:23:19-67
uses-permission#android.permission.WRITE_EXTERNAL_STORAGE
ADDED from person-detection-replacement\AndroidManifest.xml:24:5-80
	android:name
		ADDED from person-detection-replacement\AndroidManifest.xml:24:22-78
uses-permission#android.permission.RECORD_AUDIO
ADDED from person-detection-replacement\AndroidManifest.xml:25:5-71
	android:name
		ADDED from person-detection-replacement\AndroidManifest.xml:25:22-68
uses-sdk
ADDED from person-detection-replacement\AndroidManifest.xml:27:5-29:41
	android:targetSdkVersion
		ADDED from person-detection-replacement\AndroidManifest.xml:29:9-38
	android:minSdkVersion
		ADDED from person-detection-replacement\AndroidManifest.xml:28:9-35
application
ADDED from person-detection-replacement\AndroidManifest.xml:31:5-76:19
MERGED from [org.tensorflow:tensorflow-android:1.7.0] AndroidManifest.xml:5:5-6:19
MERGED from [org.tensorflow:tensorflow-android:1.7.0] AndroidManifest.xml:5:5-6:19
	android:label
		ADDED from person-detection-replacement\AndroidManifest.xml:33:9-41
	android:debuggable
		ADDED from person-detection-replacement\AndroidManifest.xml:32:9-34
	android:icon
		ADDED from person-detection-replacement\AndroidManifest.xml:34:9-45
	android:allowBackup
		ADDED from person-detection-replacement\AndroidManifest.xml:31:18-44
	android:theme
		ADDED from person-detection-replacement\AndroidManifest.xml:35:9-45
activity#org.tensorflow.demo.ClassifierActivity
ADDED from person-detection-replacement\AndroidManifest.xml:37:9-44:20
	android:screenOrientation
		ADDED from person-detection-replacement\AndroidManifest.xml:38:19-55
	android:label
		ADDED from person-detection-replacement\AndroidManifest.xml:39:19-71
	android:name
		ADDED from person-detection-replacement\AndroidManifest.xml:37:19-72
activity#org.tensorflow.demo.DetectorActivity
ADDED from person-detection-replacement\AndroidManifest.xml:46:9-53:20
	android:screenOrientation
		ADDED from person-detection-replacement\AndroidManifest.xml:47:19-55
	android:label
		ADDED from person-detection-replacement\AndroidManifest.xml:48:19-66
	android:name
		ADDED from person-detection-replacement\AndroidManifest.xml:46:19-70
intent-filter#action:name:android.intent.action.MAIN+category:name:android.intent.category.LAUNCHER
ADDED from person-detection-replacement\AndroidManifest.xml:49:13-52:29
action#android.intent.action.MAIN
ADDED from person-detection-replacement\AndroidManifest.xml:50:17-69
	android:name
		ADDED from person-detection-replacement\AndroidManifest.xml:50:25-66
category#android.intent.category.LAUNCHER
ADDED from person-detection-replacement\AndroidManifest.xml:51:17-77
	android:name
		ADDED from person-detection-replacement\AndroidManifest.xml:51:27-74
activity#org.tensorflow.demo.StylizeActivity
ADDED from person-detection-replacement\AndroidManifest.xml:55:9-62:20
	android:screenOrientation
		ADDED from person-detection-replacement\AndroidManifest.xml:56:19-55
	android:label
		ADDED from person-detection-replacement\AndroidManifest.xml:57:19-64
	android:name
		ADDED from person-detection-replacement\AndroidManifest.xml:55:19-69
activity#org.tensorflow.demo.SpeechActivity
ADDED from person-detection-replacement\AndroidManifest.xml:64:9-71:20
	android:screenOrientation
		ADDED from person-detection-replacement\AndroidManifest.xml:65:13-49
	android:label
		ADDED from person-detection-replacement\AndroidManifest.xml:66:13-57
	android:name
		ADDED from person-detection-replacement\AndroidManifest.xml:64:19-68
activity#org.tensorflow.demo.VideoProcessorActivity
ADDED from person-detection-replacement\AndroidManifest.xml:73:9-74:52
	android:screenOrientation
		ADDED from person-detection-replacement\AndroidManifest.xml:74:13-49
	android:name
		ADDED from person-detection-replacement\AndroidManifest.xml:73:19-76
uses-permission#android.permission.READ_PHONE_STATE
IMPLIED from person-detection-replacement\AndroidManifest.xml:18:1-78:12 reason: tensorflow.contrib.android has a targetSdkVersion < 4
uses-permission#android.permission.READ_EXTERNAL_STORAGE
IMPLIED from person-detection-replacement\AndroidManifest.xml:18:1-78:12 reason: tensorflow.contrib.android requested WRITE_EXTERNAL_STORAGE